2026-01-26 21:43:58,939-INFO-root-Execution started..
2026-01-26 21:44:44,980-INFO-root-Execution started..
2026-01-26 21:45:07,655-INFO-root-Execution started..
2026-01-26 21:45:52,767-INFO-root-Execution started..
2026-02-01 00:17:10,197-INFO-root-Execution started..
2026-02-01 00:17:11,518-INFO-root-Scraped data from page 1
2026-02-01 00:17:12,243-INFO-root-Scraped data from page 2
2026-02-01 00:17:13,804-INFO-root-Scraped data from page 3
2026-03-19 14:36:35,524-INFO-root-Execution started..
2026-03-19 14:38:11,091-INFO-root-Execution started..
2026-03-19 14:40:02,951-INFO-root-Execution started..
2026-03-19 14:40:04,555-INFO-root-Scraped data from page 1
2026-03-19 14:40:06,050-INFO-root-Scraped data from page 2
2026-03-19 14:40:07,170-INFO-root-Scraped data from page 3
2026-03-19 14:40:48,480-INFO-root-Execution started..
2026-03-19 14:40:49,748-INFO-root-Scraped data from page 1
2026-03-19 14:40:50,878-INFO-root-Scraped data from page 2
2026-03-19 14:40:52,017-INFO-root-Scraped data from page 3
2026-03-20 17:18:37,518-INFO-root-Execution started..
2026-03-20 17:18:38,115-INFO-root-Scraped data from page 1
2026-03-20 17:20:28,833-INFO-root-Execution started..
2026-03-20 17:20:29,409-INFO-root-Scraped data from page 1
2026-03-20 17:21:25,630-INFO-root-Execution started..
2026-03-20 17:21:26,242-INFO-root-Scraped data from page 1
2026-03-20 17:21:26,702-INFO-root-Scraped data from page 2
2026-03-20 17:21:27,178-INFO-root-Scraped data from page 3
2026-03-20 17:31:02,510-INFO-root-Execution started..
2026-03-20 17:31:03,228-INFO-root-Scraped data from page 1
2026-03-20 17:31:03,757-INFO-root-Scraped data from page 2
2026-03-20 17:31:04,277-INFO-root-Scraped data from page 3
2026-03-20 17:31:04,715-INFO-root-Scraped data from page 4
2026-03-20 17:31:05,183-INFO-root-Scraped data from page 5
2026-03-20 18:37:47,336-INFO-root-Execution started..
2026-03-20 19:34:31,240-INFO-root-Execution started..
2026-03-20 19:35:13,307-INFO-root-Execution started..
2026-03-20 19:35:22,579-INFO-root-Execution started..
2026-03-20 19:40:31,980-INFO-root-Execution started..
2026-03-20 20:15:15,904-INFO-root-Execution started..
2026-03-20 20:15:48,286-INFO-root-Execution started..
2026-03-20 20:19:14,183-INFO-root-Execution started..
2026-03-20 20:27:31,189-INFO-root-Execution started..
2026-03-20 20:39:52,659-INFO-root-Execution started..
2026-03-20 20:40:34,881-INFO-root-Execution started..
2026-03-20 21:17:25,821-INFO-root-Execution started..
2026-03-20 21:17:33,086-ERROR-root-error while scraping..
2026-03-20 21:17:33,088-ERROR-root-error while scraping..
2026-03-20 21:17:33,089-ERROR-root-error while scraping..
2026-03-20 21:17:33,090-ERROR-root-error while scraping..
2026-03-20 21:17:33,091-ERROR-root-error while scraping..
2026-03-20 21:20:50,609-INFO-root-Execution started..
2026-03-20 21:20:52,352-ERROR-root-error while scraping..
2026-03-20 21:20:52,353-ERROR-root-error while scraping..
2026-03-20 21:20:52,355-ERROR-root-error while scraping..
2026-03-20 21:20:52,357-ERROR-root-error while scraping..
2026-03-20 21:20:52,358-ERROR-root-error while scraping..
2026-03-20 21:40:02,677-INFO-root-Execution started..
2026-03-20 21:40:04,057-ERROR-root-error while scraping..
2026-03-20 21:40:04,065-ERROR-root-error while scraping..
2026-03-20 21:40:04,073-ERROR-root-error while scraping..
2026-03-20 21:40:04,079-ERROR-root-error while scraping..
2026-03-20 21:40:04,086-ERROR-root-error while scraping..
2026-03-20 21:40:04,092-ERROR-root-error while scraping..
2026-03-20 21:40:04,099-ERROR-root-error while scraping..
2026-03-20 21:40:04,107-ERROR-root-error while scraping..
2026-03-20 21:40:04,113-ERROR-root-error while scraping..
2026-03-20 21:40:04,119-ERROR-root-error while scraping..
2026-03-20 21:44:01,101-INFO-root-Execution started..
2026-03-20 21:44:01,110-ERROR-root-error while scraping..
2026-03-20 21:44:01,116-ERROR-root-error while scraping..
2026-03-20 21:44:01,121-ERROR-root-error while scraping..
2026-03-20 21:44:01,128-ERROR-root-error while scraping..
2026-03-20 21:44:01,134-ERROR-root-error while scraping..
2026-03-20 21:44:01,144-ERROR-root-error while scraping..
2026-03-20 21:44:01,150-ERROR-root-error while scraping..
2026-03-20 21:44:01,156-ERROR-root-error while scraping..
2026-03-20 21:44:01,164-ERROR-root-error while scraping..
2026-03-20 21:44:01,171-ERROR-root-error while scraping..
2026-03-20 21:47:26,996-INFO-root-Execution started..
2026-03-20 21:47:30,462-ERROR-root-error while scraping..
2026-03-20 21:47:30,463-ERROR-root-error while scraping..
2026-03-20 21:47:30,464-ERROR-root-error while scraping..
2026-03-20 21:47:30,465-ERROR-root-error while scraping..
2026-03-20 21:47:30,466-ERROR-root-error while scraping..
2026-03-20 21:47:30,467-ERROR-root-error while scraping..
2026-03-20 21:47:30,468-ERROR-root-error while scraping..
2026-03-20 21:47:30,469-ERROR-root-error while scraping..
2026-03-20 21:47:30,470-ERROR-root-error while scraping..
2026-03-20 21:47:30,471-ERROR-root-error while scraping..
2026-03-20 21:50:42,416-INFO-root-Execution started..
2026-03-20 21:52:15,366-INFO-root-Execution started..
2026-03-20 21:53:20,956-INFO-root-Execution started..
2026-03-20 21:54:29,133-INFO-root-Execution started..
2026-03-20 21:54:51,473-INFO-root-Execution started..
2026-03-20 23:01:59,883-INFO-root-Execution started..
2026-03-20 23:02:25,013-INFO-root-Execution started..
2026-03-20 23:11:02,564-ERROR-root-error while scraping..
2026-03-20 23:11:02,568-ERROR-root-error while scraping..
2026-03-20 23:11:02,574-ERROR-root-error while scraping..
2026-03-20 23:11:02,578-ERROR-root-error while scraping..
2026-03-20 23:11:02,583-ERROR-root-error while scraping..
2026-03-20 23:11:02,589-ERROR-root-error while scraping..
2026-03-20 23:11:02,594-ERROR-root-error while scraping..
2026-03-20 23:11:02,599-ERROR-root-error while scraping..
2026-03-20 23:11:02,607-ERROR-root-error while scraping..
2026-03-20 23:11:02,613-ERROR-root-error while scraping..
2026-03-20 23:11:02,616-INFO-root-Data scraped..
2026-03-24 18:24:16,535-INFO-root-Execution started..
2026-03-24 23:15:46,856-INFO-root-Execution started..
2026-03-25 00:37:36,441-INFO-root-Execution started..
2026-03-25 00:38:13,379-INFO-root-Execution started..
2026-03-25 00:38:39,224-INFO-root-Execution started..
2026-03-25 00:38:40,779-INFO-root-Scraped data from page 10
2026-03-25 00:40:04,860-INFO-root-Execution started..
2026-03-25 00:40:07,344-INFO-root-Scraped data from page 1
2026-03-25 00:40:07,890-INFO-root-Scraped data from page 2
2026-03-25 00:40:08,419-INFO-root-Scraped data from page 3
2026-03-25 00:40:09,285-INFO-root-Scraped data from page 4
2026-03-25 00:40:09,875-INFO-root-Scraped data from page 5
2026-03-25 00:40:10,339-INFO-root-Scraped data from page 6
2026-03-25 00:40:11,792-INFO-root-Scraped data from page 7
2026-03-25 00:40:12,104-INFO-root-Scraped data from page 8
2026-03-25 00:40:12,481-INFO-root-Scraped data from page 9
2026-03-25 00:40:13,823-INFO-root-Scraped data from page 10
2026-03-25 23:08:43,957-INFO-root-Execution started..
2026-03-25 23:08:44,881-INFO-root-Scraped data from page 1
2026-03-25 23:08:45,568-INFO-root-Scraped data from page 2
2026-03-25 23:08:46,337-INFO-root-Scraped data from page 3
2026-03-25 23:08:46,998-INFO-root-Scraped data from page 4
2026-03-25 23:08:47,573-INFO-root-Scraped data from page 5
2026-03-25 23:08:48,053-INFO-root-Scraped data from page 6
2026-03-25 23:08:48,528-INFO-root-Scraped data from page 7
2026-03-25 23:08:48,862-INFO-root-Scraped data from page 8
2026-03-25 23:08:49,197-INFO-root-Scraped data from page 9
2026-03-25 23:08:49,545-INFO-root-Scraped data from page 10
2026-04-02 00:21:24,409-INFO-root-Execution started..
2026-04-02 00:21:25,883-INFO-root-Scraped data from page 1
2026-04-02 00:21:27,004-INFO-root-Scraped data from page 2
2026-04-02 00:21:28,315-INFO-root-Scraped data from page 3
2026-04-02 00:21:29,868-INFO-root-Scraped data from page 4
2026-04-02 00:21:31,451-INFO-root-Scraped data from page 5
2026-04-02 00:21:32,486-INFO-root-Scraped data from page 6
2026-04-02 00:21:33,437-INFO-root-Scraped data from page 7
2026-04-02 00:21:34,559-INFO-root-Scraped data from page 8
2026-04-02 00:21:35,735-INFO-root-Scraped data from page 9
2026-04-02 00:21:36,865-INFO-root-Scraped data from page 10
2026-04-03 01:37:16,608-INFO-root-Execution started..
2026-04-03 01:37:17,495-INFO-root-Scraped data from page 1
2026-04-03 01:37:17,498-ERROR-root-error while scraping..
2026-04-03 01:37:18,142-INFO-root-Scraped data from page 2
2026-04-03 01:37:18,142-ERROR-root-error while scraping..
2026-04-03 01:37:18,896-INFO-root-Scraped data from page 3
2026-04-03 01:37:18,896-ERROR-root-error while scraping..
2026-04-03 01:37:19,561-INFO-root-Scraped data from page 4
2026-04-03 01:37:19,562-ERROR-root-error while scraping..
2026-04-03 01:37:20,223-INFO-root-Scraped data from page 5
2026-04-03 01:37:20,224-ERROR-root-error while scraping..
2026-04-03 01:37:20,754-INFO-root-Scraped data from page 6
2026-04-03 01:37:20,754-ERROR-root-error while scraping..
2026-04-03 01:37:21,370-INFO-root-Scraped data from page 7
2026-04-03 01:37:21,868-INFO-root-Scraped data from page 8
2026-04-03 01:37:22,438-INFO-root-Scraped data from page 9
2026-04-03 01:37:22,851-INFO-root-Scraped data from page 10
2026-04-03 01:40:22,883-INFO-root-Execution started..
2026-04-03 01:40:23,658-INFO-root-Scraped data from page 1
2026-04-03 01:40:23,658-ERROR-root-error while scraping..
2026-04-03 01:40:24,269-INFO-root-Scraped data from page 2
2026-04-03 01:40:24,269-ERROR-root-error while scraping..
2026-04-03 01:40:24,934-INFO-root-Scraped data from page 3
2026-04-03 01:40:24,935-ERROR-root-error while scraping..
2026-04-03 01:40:25,533-INFO-root-Scraped data from page 4
2026-04-03 01:40:25,534-ERROR-root-error while scraping..
2026-04-03 01:40:26,163-INFO-root-Scraped data from page 5
2026-04-03 01:40:26,163-ERROR-root-error while scraping..
2026-04-03 01:40:26,622-INFO-root-Scraped data from page 6
2026-04-03 01:40:26,623-ERROR-root-error while scraping..
2026-04-03 01:40:27,100-INFO-root-Scraped data from page 7
2026-04-03 01:40:27,597-INFO-root-Scraped data from page 8
2026-04-03 01:40:28,106-INFO-root-Scraped data from page 9
2026-04-03 01:40:28,628-INFO-root-Scraped data from page 10
2026-04-03 01:46:16,738-INFO-root-Execution started..
2026-04-03 01:46:18,126-INFO-root-Scraped data from page 1
2026-04-03 01:46:18,130-ERROR-root-table jobs has no column named datePosted
2026-04-03 01:46:19,227-INFO-root-Scraped data from page 2
2026-04-03 01:46:19,228-ERROR-root-table jobs has no column named datePosted
2026-04-03 01:46:20,388-INFO-root-Scraped data from page 3
2026-04-03 01:46:20,390-ERROR-root-table jobs has no column named datePosted
2026-04-03 01:46:21,493-INFO-root-Scraped data from page 4
2026-04-03 01:46:21,495-ERROR-root-table jobs has no column named datePosted
2026-04-03 01:46:22,812-INFO-root-Scraped data from page 5
2026-04-03 01:46:22,814-ERROR-root-table jobs has no column named datePosted
2026-04-03 01:46:23,502-INFO-root-Scraped data from page 6
2026-04-03 01:46:23,503-ERROR-root-table jobs has no column named datePosted
2026-04-03 01:46:24,384-INFO-root-Scraped data from page 7
2026-04-03 01:46:24,963-INFO-root-Scraped data from page 8
2026-04-03 01:46:25,581-INFO-root-Scraped data from page 9
2026-04-03 01:46:26,178-INFO-root-Scraped data from page 10
2026-04-03 01:49:44,157-INFO-root-Execution started..
2026-04-03 01:49:45,736-INFO-root-Scraped data from page 1
2026-04-03 01:49:46,916-INFO-root-Scraped data from page 2
2026-04-03 01:49:48,005-INFO-root-Scraped data from page 3
2026-04-03 01:49:49,134-INFO-root-Scraped data from page 4
2026-04-03 01:49:50,203-INFO-root-Scraped data from page 5
2026-04-03 01:49:50,905-INFO-root-Scraped data from page 6
2026-04-03 01:49:51,690-INFO-root-Scraped data from page 7
2026-04-03 01:49:52,247-INFO-root-Scraped data from page 8
2026-04-03 01:49:52,803-INFO-root-Scraped data from page 9
2026-04-03 01:49:53,349-INFO-root-Scraped data from page 10
2026-04-03 01:56:30,947-INFO-root-Execution started..
2026-04-03 01:56:32,590-INFO-root-Scraped data from page 1
2026-04-03 01:56:33,776-INFO-root-Scraped data from page 2
2026-04-03 01:56:34,984-INFO-root-Scraped data from page 3
2026-04-03 01:56:36,036-INFO-root-Scraped data from page 4
2026-04-03 01:56:37,181-INFO-root-Scraped data from page 5
2026-04-03 01:56:37,916-INFO-root-Scraped data from page 6
2026-04-03 01:56:38,763-INFO-root-Scraped data from page 7
2026-04-03 01:56:39,385-INFO-root-Scraped data from page 8
2026-04-03 01:56:40,071-INFO-root-Scraped data from page 9
2026-04-03 01:56:40,736-INFO-root-Scraped data from page 10
2026-04-03 11:08:08,157-INFO-root-Execution started..
2026-04-03 11:08:09,011-INFO-root-Scraped data from page 1
2026-04-03 11:08:09,607-INFO-root-Scraped data from page 2
2026-04-03 11:08:10,254-INFO-root-Scraped data from page 3
2026-04-03 11:08:10,875-INFO-root-Scraped data from page 4
2026-04-03 11:08:11,530-INFO-root-Scraped data from page 5
2026-04-03 11:08:12,017-INFO-root-Scraped data from page 6
2026-04-03 11:08:12,515-INFO-root-Scraped data from page 7
2026-04-03 11:08:12,906-INFO-root-Scraped data from page 8
2026-04-03 11:08:13,339-INFO-root-Scraped data from page 9
2026-04-03 11:08:13,736-INFO-root-Scraped data from page 10
2026-04-03 11:08:14,126-INFO-root-Scraped data from page 11
2026-04-03 11:08:14,507-INFO-root-Scraped data from page 12
2026-04-03 11:08:14,902-INFO-root-Scraped data from page 13
2026-04-03 11:08:15,326-INFO-root-Scraped data from page 14
2026-04-03 11:08:15,710-INFO-root-Scraped data from page 15
2026-04-03 11:08:16,099-INFO-root-Scraped data from page 16
2026-04-03 11:08:16,500-INFO-root-Scraped data from page 17
2026-04-03 11:08:16,920-INFO-root-Scraped data from page 18
2026-04-03 11:08:17,323-INFO-root-Scraped data from page 19
2026-04-03 11:08:17,699-INFO-root-Scraped data from page 20
2026-04-03 16:18:55,474-INFO-root-Execution started..
2026-04-03 16:18:56,226-INFO-root-Scraped data from page 1
2026-04-03 16:18:56,229-ERROR-root-'int' object is not callable
2026-04-03 16:18:57,412-INFO-root-Scraped data from page 2
2026-04-03 16:18:57,414-ERROR-root-'int' object is not callable
2026-04-03 16:18:58,582-INFO-root-Scraped data from page 3
2026-04-03 16:19:00,342-INFO-root-Scraped data from page 4
2026-04-03 16:19:00,923-INFO-root-Scraped data from page 5
2026-04-03 16:19:00,926-ERROR-root-'int' object is not callable
2026-04-03 16:19:01,729-INFO-root-Scraped data from page 6
2026-04-03 16:19:01,731-ERROR-root-'int' object is not callable
2026-04-03 16:19:02,190-INFO-root-Scraped data from page 7
2026-04-03 16:19:02,532-INFO-root-Scraped data from page 8
2026-04-03 16:19:02,839-INFO-root-Scraped data from page 9
2026-04-03 16:19:03,189-INFO-root-Scraped data from page 10
2026-04-03 16:19:03,488-INFO-root-Scraped data from page 11
2026-04-03 16:19:03,888-INFO-root-Scraped data from page 12
2026-04-03 16:19:04,210-INFO-root-Scraped data from page 13
2026-04-03 16:19:04,528-INFO-root-Scraped data from page 14
2026-04-03 16:19:04,881-INFO-root-Scraped data from page 15
2026-04-03 16:19:05,208-INFO-root-Scraped data from page 16
2026-04-03 16:19:05,552-INFO-root-Scraped data from page 17
2026-04-03 16:19:05,893-INFO-root-Scraped data from page 18
2026-04-03 16:19:06,209-INFO-root-Scraped data from page 19
2026-04-03 16:19:06,554-INFO-root-Scraped data from page 20
